<?xml version="1.0" encoding="UTF-8"?>
<testsuites name="DDT with Moodle" time="160.455" tests="4" failures="0" errors="0">
   <testsuite name="DDT with Moodle" tests="4" failures="0" errors="0" time="160.455" skipped="0" timestamp="22-02-2025T22:24:55" hostname="jesila - DESKTOP-OVP0SQ7" id="Test Suites/DDT with Moodle">
      <properties>
         <property name="deviceName" value=""/>
         <property name="devicePlatform"/>
         <property name="logFolder" value="C:\\Users\\jesila\\git\\LabManager\\Reports\\20250222_222448\\DDT with Moodle\\20250222_222448"/>
         <property name="logFiles" value="C:\\Users\\jesila\\git\\LabManager\\Reports\\20250222_222448\\DDT with Moodle\\20250222_222448\\execution0.log"/>
         <property name="attachments" value=""/>
         <property name="hostName" value="jesila - DESKTOP-OVP0SQ7"/>
         <property name="os" value="Windows 10 64bit"/>
         <property name="katalonVersion" value="10.1.0.223"/>
         <property name="browser" value="Chrome 133.0.6943.127"/>
         <property name="hostAddress" value="192.168.29.58"/>
         <property name="sessionId" value="a31ed39269a8b794e71ccea8c868dd33"/>
         <property name="seleniumVersion" value="4.22.0"/>
         <property name="proxyInformation" value="ProxyInformation { proxyOption=NO_PROXY, proxyServerType=HTTP, username=, password=********, proxyServerAddress=, proxyServerPort=0, executionList=&quot;&quot;, isApplyToDesiredCapabilities=true }"/>
         <property name="platform" value="Windows 10"/>
      </properties>
      <testcase name="Test Cases/CheckpointswithDDT" time="30.679" classname="Test Cases/CheckpointswithDDT" status="PASSED">
         <properties>
            <property name="data_binding"><![CDATA[{"password":"sandbox24","expectedResult":"AU","username":"admin"}]]></property>
         </properties>
         <system-out><![CDATA[22-02-2025T22:24:55 - [TEST_CASE][PASSED] - Test Cases/CheckpointswithDDT: Test Cases/CheckpointswithDDT

22-02-2025T22:24:55 - [TEST_STEP][PASSED] - Start listener action : sampleBeforeTestCase: null

22-02-2025T22:24:55 - [TEST_STEP][PASSED] - println(testCaseContext.getTestCaseId()): null

22-02-2025T22:24:55 - [TEST_STEP][PASSED] - println(testCaseContext.getTestCaseVariables()): null

22-02-2025T22:24:56 - [TEST_STEP][PASSED] - openBrowser(""): Browser is opened with url: ''

22-02-2025T22:24:57 - [MESSAGE][INFO] - Starting 'Chrome' driver

22-02-2025T22:24:57 - [MESSAGE][INFO] - Action delay is set to 0 milliseconds

22-02-2025T22:25:10 - [MESSAGE][PASSED] - Browser is opened with url: ''

22-02-2025T22:25:10 - [TEST_STEP][PASSED] - navigateToUrl("https://sandbox.moodledemo.net/"): Navigate to 'https://sandbox.moodledemo.net/' successfully

22-02-2025T22:25:14 - [MESSAGE][PASSED] - Navigate to 'https://sandbox.moodledemo.net/' successfully

22-02-2025T22:25:14 - [TEST_STEP][PASSED] - click(findTestObject("Object Repository/Checkpointswithdatadriven/Page_Home  Sandbox 4.5/a_Log in")): Object: 'Object Repository/Checkpointswithdatadriven/Page_Home  Sandbox 4.5/a_Log in' is clicked on

22-02-2025T22:25:16 - [MESSAGE][PASSED] - Object: 'Object Repository/Checkpointswithdatadriven/Page_Home  Sandbox 4.5/a_Log in' is clicked on

22-02-2025T22:25:16 - [TEST_STEP][PASSED] - setText(findTestObject("Object Repository/Checkpointswithdatadriven/Page_Log in to the site  Sandbox 4.5/input_Username_username"), username): Text 'admin' is set on object 'Object Repository/Checkpointswithdatadriven/Page_Log in to the site  Sandbox 4.5/input_Username_username'

22-02-2025T22:25:19 - [MESSAGE][PASSED] - Text 'admin' is set on object 'Object Repository/Checkpointswithdatadriven/Page_Log in to the site  Sandbox 4.5/input_Username_username'

22-02-2025T22:25:19 - [TEST_STEP][PASSED] - setText(findTestObject("Object Repository/Checkpointswithdatadriven/Page_Log in to the site  Sandbox 4.5/input_Password_password"), password): Text 'sandbox24' is set on object 'Object Repository/Checkpointswithdatadriven/Page_Log in to the site  Sandbox 4.5/input_Password_password'

22-02-2025T22:25:20 - [MESSAGE][PASSED] - Text 'sandbox24' is set on object 'Object Repository/Checkpointswithdatadriven/Page_Log in to the site  Sandbox 4.5/input_Password_password'

22-02-2025T22:25:20 - [TEST_STEP][PASSED] - click(findTestObject("Object Repository/Checkpointswithdatadriven/Page_Log in to the site  Sandbox 4.5/button_Log in")): Object: 'Object Repository/Checkpointswithdatadriven/Page_Log in to the site  Sandbox 4.5/button_Log in' is clicked on

22-02-2025T22:25:22 - [MESSAGE][PASSED] - Object: 'Object Repository/Checkpointswithdatadriven/Page_Log in to the site  Sandbox 4.5/button_Log in' is clicked on

22-02-2025T22:25:22 - [TEST_STEP][PASSED] - verifyElementText(findTestObject("Object Repository/Checkpointswithdatadriven/Page_Home  Sandbox 4.5/span_AU"), expectedResult): Actual text and expected text of test object 'Object Repository/Checkpointswithdatadriven/Page_Home  Sandbox 4.5/span_AU' are matched.

22-02-2025T22:25:24 - [MESSAGE][PASSED] - Actual text and expected text of test object 'Object Repository/Checkpointswithdatadriven/Page_Home  Sandbox 4.5/span_AU' are matched.

22-02-2025T22:25:24 - [TEST_STEP][PASSED] - click(findTestObject("Object Repository/Checkpointswithdatadriven/Page_Home  Sandbox 4.5/a_AU")): Object: 'Object Repository/Checkpointswithdatadriven/Page_Home  Sandbox 4.5/a_AU' is clicked on

22-02-2025T22:25:24 - [MESSAGE][PASSED] - Object: 'Object Repository/Checkpointswithdatadriven/Page_Home  Sandbox 4.5/a_AU' is clicked on

22-02-2025T22:25:24 - [TEST_STEP][PASSED] - click(findTestObject("Object Repository/Checkpointswithdatadriven/Page_Home  Sandbox 4.5/a_Log out")): Object: 'Object Repository/Checkpointswithdatadriven/Page_Home  Sandbox 4.5/a_Log out' is clicked on

22-02-2025T22:25:25 - [MESSAGE][PASSED] - Object: 'Object Repository/Checkpointswithdatadriven/Page_Home  Sandbox 4.5/a_Log out' is clicked on

22-02-2025T22:25:25 - [TEST_STEP][PASSED] - closeBrowser(): Browser is closed

22-02-2025T22:25:26 - [MESSAGE][PASSED] - Browser is closed

22-02-2025T22:25:26 - [TEST_STEP][PASSED] - Start listener action : sampleAfterTestCase: null

22-02-2025T22:25:26 - [TEST_STEP][PASSED] - println(testCaseContext.getTestCaseId()): null

22-02-2025T22:25:26 - [TEST_STEP][PASSED] - println(testCaseContext.getTestCaseStatus()): null]]></system-out>
         <system-err><![CDATA[]]></system-err>
      </testcase>
      <testcase name="Test Cases/CheckpointswithDDT" time="22.817" classname="Test Cases/CheckpointswithDDT" status="PASSED">
         <properties>
            <property name="data_binding"><![CDATA[{"password":"sandbox24","expectedResult":"MM","username":"manager"}]]></property>
         </properties>
         <system-out><![CDATA[22-02-2025T22:25:26 - [TEST_CASE][PASSED] - Test Cases/CheckpointswithDDT: Test Cases/CheckpointswithDDT

22-02-2025T22:25:26 - [TEST_STEP][PASSED] - Start listener action : sampleBeforeTestCase: null

22-02-2025T22:25:26 - [TEST_STEP][PASSED] - println(testCaseContext.getTestCaseId()): null

22-02-2025T22:25:26 - [TEST_STEP][PASSED] - println(testCaseContext.getTestCaseVariables()): null

22-02-2025T22:25:26 - [TEST_STEP][PASSED] - openBrowser(""): Browser is opened with url: ''

22-02-2025T22:25:26 - [MESSAGE][INFO] - Starting 'Chrome' driver

22-02-2025T22:25:26 - [MESSAGE][INFO] - Action delay is set to 0 milliseconds

22-02-2025T22:25:29 - [MESSAGE][PASSED] - Browser is opened with url: ''

22-02-2025T22:25:29 - [TEST_STEP][PASSED] - navigateToUrl("https://sandbox.moodledemo.net/"): Navigate to 'https://sandbox.moodledemo.net/' successfully

22-02-2025T22:25:36 - [MESSAGE][PASSED] - Navigate to 'https://sandbox.moodledemo.net/' successfully

22-02-2025T22:25:36 - [TEST_STEP][PASSED] - click(findTestObject("Object Repository/Checkpointswithdatadriven/Page_Home  Sandbox 4.5/a_Log in")): Object: 'Object Repository/Checkpointswithdatadriven/Page_Home  Sandbox 4.5/a_Log in' is clicked on

22-02-2025T22:25:37 - [MESSAGE][PASSED] - Object: 'Object Repository/Checkpointswithdatadriven/Page_Home  Sandbox 4.5/a_Log in' is clicked on

22-02-2025T22:25:37 - [TEST_STEP][PASSED] - setText(findTestObject("Object Repository/Checkpointswithdatadriven/Page_Log in to the site  Sandbox 4.5/input_Username_username"), username): Text 'manager' is set on object 'Object Repository/Checkpointswithdatadriven/Page_Log in to the site  Sandbox 4.5/input_Username_username'

22-02-2025T22:25:40 - [MESSAGE][PASSED] - Text 'manager' is set on object 'Object Repository/Checkpointswithdatadriven/Page_Log in to the site  Sandbox 4.5/input_Username_username'

22-02-2025T22:25:40 - [TEST_STEP][PASSED] - setText(findTestObject("Object Repository/Checkpointswithdatadriven/Page_Log in to the site  Sandbox 4.5/input_Password_password"), password): Text 'sandbox24' is set on object 'Object Repository/Checkpointswithdatadriven/Page_Log in to the site  Sandbox 4.5/input_Password_password'

22-02-2025T22:25:41 - [MESSAGE][PASSED] - Text 'sandbox24' is set on object 'Object Repository/Checkpointswithdatadriven/Page_Log in to the site  Sandbox 4.5/input_Password_password'

22-02-2025T22:25:41 - [TEST_STEP][PASSED] - click(findTestObject("Object Repository/Checkpointswithdatadriven/Page_Log in to the site  Sandbox 4.5/button_Log in")): Object: 'Object Repository/Checkpointswithdatadriven/Page_Log in to the site  Sandbox 4.5/button_Log in' is clicked on

22-02-2025T22:25:43 - [MESSAGE][PASSED] - Object: 'Object Repository/Checkpointswithdatadriven/Page_Log in to the site  Sandbox 4.5/button_Log in' is clicked on

22-02-2025T22:25:43 - [TEST_STEP][PASSED] - verifyElementText(findTestObject("Object Repository/Checkpointswithdatadriven/Page_Home  Sandbox 4.5/span_AU"), expectedResult): Actual text and expected text of test object 'Object Repository/Checkpointswithdatadriven/Page_Home  Sandbox 4.5/span_AU' are matched.

22-02-2025T22:25:45 - [MESSAGE][PASSED] - Actual text and expected text of test object 'Object Repository/Checkpointswithdatadriven/Page_Home  Sandbox 4.5/span_AU' are matched.

22-02-2025T22:25:45 - [TEST_STEP][PASSED] - click(findTestObject("Object Repository/Checkpointswithdatadriven/Page_Home  Sandbox 4.5/a_AU")): Object: 'Object Repository/Checkpointswithdatadriven/Page_Home  Sandbox 4.5/a_AU' is clicked on

22-02-2025T22:25:45 - [MESSAGE][PASSED] - Object: 'Object Repository/Checkpointswithdatadriven/Page_Home  Sandbox 4.5/a_AU' is clicked on

22-02-2025T22:25:45 - [TEST_STEP][PASSED] - click(findTestObject("Object Repository/Checkpointswithdatadriven/Page_Home  Sandbox 4.5/a_Log out")): Object: 'Object Repository/Checkpointswithdatadriven/Page_Home  Sandbox 4.5/a_Log out' is clicked on

22-02-2025T22:25:47 - [MESSAGE][PASSED] - Object: 'Object Repository/Checkpointswithdatadriven/Page_Home  Sandbox 4.5/a_Log out' is clicked on

22-02-2025T22:25:47 - [TEST_STEP][PASSED] - closeBrowser(): Browser is closed

22-02-2025T22:25:49 - [MESSAGE][PASSED] - Browser is closed

22-02-2025T22:25:49 - [TEST_STEP][PASSED] - Start listener action : sampleAfterTestCase: null

22-02-2025T22:25:49 - [TEST_STEP][PASSED] - println(testCaseContext.getTestCaseId()): null

22-02-2025T22:25:49 - [TEST_STEP][PASSED] - println(testCaseContext.getTestCaseStatus()): null]]></system-out>
         <system-err><![CDATA[]]></system-err>
      </testcase>
      <testcase name="Test Cases/CheckpointswithDDT" time="55.727" classname="Test Cases/CheckpointswithDDT" status="PASSED">
         <properties>
            <property name="data_binding"><![CDATA[{"password":"sandbox24","expectedResult":"TT","username":"teacher"}]]></property>
         </properties>
         <system-out><![CDATA[22-02-2025T22:25:49 - [TEST_CASE][PASSED] - Test Cases/CheckpointswithDDT: Test Cases/CheckpointswithDDT

22-02-2025T22:25:49 - [TEST_STEP][PASSED] - Start listener action : sampleBeforeTestCase: null

22-02-2025T22:25:49 - [TEST_STEP][PASSED] - println(testCaseContext.getTestCaseId()): null

22-02-2025T22:25:49 - [TEST_STEP][PASSED] - println(testCaseContext.getTestCaseVariables()): null

22-02-2025T22:25:49 - [TEST_STEP][PASSED] - openBrowser(""): Browser is opened with url: ''

22-02-2025T22:25:49 - [MESSAGE][INFO] - Starting 'Chrome' driver

22-02-2025T22:25:49 - [MESSAGE][INFO] - Action delay is set to 0 milliseconds

22-02-2025T22:25:52 - [MESSAGE][PASSED] - Browser is opened with url: ''

22-02-2025T22:25:52 - [TEST_STEP][PASSED] - navigateToUrl("https://sandbox.moodledemo.net/"): Navigate to 'https://sandbox.moodledemo.net/' successfully

22-02-2025T22:26:00 - [MESSAGE][PASSED] - Navigate to 'https://sandbox.moodledemo.net/' successfully

22-02-2025T22:26:00 - [TEST_STEP][PASSED] - click(findTestObject("Object Repository/Checkpointswithdatadriven/Page_Home  Sandbox 4.5/a_Log in")): Object: 'Object Repository/Checkpointswithdatadriven/Page_Home  Sandbox 4.5/a_Log in' is clicked on

22-02-2025T22:26:02 - [MESSAGE][PASSED] - Object: 'Object Repository/Checkpointswithdatadriven/Page_Home  Sandbox 4.5/a_Log in' is clicked on

22-02-2025T22:26:02 - [TEST_STEP][PASSED] - setText(findTestObject("Object Repository/Checkpointswithdatadriven/Page_Log in to the site  Sandbox 4.5/input_Username_username"), username): Text 'teacher' is set on object 'Object Repository/Checkpointswithdatadriven/Page_Log in to the site  Sandbox 4.5/input_Username_username'

22-02-2025T22:26:04 - [MESSAGE][PASSED] - Text 'teacher' is set on object 'Object Repository/Checkpointswithdatadriven/Page_Log in to the site  Sandbox 4.5/input_Username_username'

22-02-2025T22:26:04 - [TEST_STEP][PASSED] - setText(findTestObject("Object Repository/Checkpointswithdatadriven/Page_Log in to the site  Sandbox 4.5/input_Password_password"), password): Text 'sandbox24' is set on object 'Object Repository/Checkpointswithdatadriven/Page_Log in to the site  Sandbox 4.5/input_Password_password'

22-02-2025T22:26:05 - [MESSAGE][PASSED] - Text 'sandbox24' is set on object 'Object Repository/Checkpointswithdatadriven/Page_Log in to the site  Sandbox 4.5/input_Password_password'

22-02-2025T22:26:05 - [TEST_STEP][PASSED] - click(findTestObject("Object Repository/Checkpointswithdatadriven/Page_Log in to the site  Sandbox 4.5/button_Log in")): Object: 'Object Repository/Checkpointswithdatadriven/Page_Log in to the site  Sandbox 4.5/button_Log in' is clicked on

22-02-2025T22:26:06 - [MESSAGE][PASSED] - Object: 'Object Repository/Checkpointswithdatadriven/Page_Log in to the site  Sandbox 4.5/button_Log in' is clicked on

22-02-2025T22:26:06 - [TEST_STEP][PASSED] - verifyElementText(findTestObject("Object Repository/Checkpointswithdatadriven/Page_Home  Sandbox 4.5/span_AU"), expectedResult): Actual text and expected text of test object 'Object Repository/Checkpointswithdatadriven/Page_Home  Sandbox 4.5/span_AU' are matched.

22-02-2025T22:26:08 - [MESSAGE][PASSED] - Actual text and expected text of test object 'Object Repository/Checkpointswithdatadriven/Page_Home  Sandbox 4.5/span_AU' are matched.

22-02-2025T22:26:08 - [TEST_STEP][PASSED] - click(findTestObject("Object Repository/Checkpointswithdatadriven/Page_Home  Sandbox 4.5/a_AU")): Object: 'Object Repository/Checkpointswithdatadriven/Page_Home  Sandbox 4.5/a_AU' is clicked on

22-02-2025T22:26:08 - [MESSAGE][PASSED] - Object: 'Object Repository/Checkpointswithdatadriven/Page_Home  Sandbox 4.5/a_AU' is clicked on

22-02-2025T22:26:08 - [TEST_STEP][PASSED] - click(findTestObject("Object Repository/Checkpointswithdatadriven/Page_Home  Sandbox 4.5/a_Log out")): Object: 'Object Repository/Checkpointswithdatadriven/Page_Home  Sandbox 4.5/a_Log out' is clicked on

22-02-2025T22:26:40 - [MESSAGE][INFO] - Unable to find the element located by 'By.xpath: //div[@id='carousel-item-main']/a[10]'. Please recheck the objects properties to make sure the desired element is located. 

22-02-2025T22:26:40 - [MESSAGE][WARNING] - [SELF-HEALING] Failed to find element with id 'Object Repository/Checkpointswithdatadriven/Page_Home  Sandbox 4.5/a_Log out'. Try using Self-healing.

22-02-2025T22:26:41 - [MESSAGE][INFO] - [SELF-HEALING] Failed Locator: '//div[@id='carousel-item-main']/a[10]'.

22-02-2025T22:26:41 - [MESSAGE][INFO] - [SELF-HEALING] Working Locator: '//a[contains(text(),'Log out')]'.

22-02-2025T22:26:43 - [MESSAGE][INFO] - [SELF-HEALING] Screenshot: C:/Users/jesila/git/LabManager/Reports/Self-healing/Object Repository/Checkpointswithdatadriven/Page_Home  Sandbox 4.5/a_Log out_link.png

22-02-2025T22:26:43 - [MESSAGE][WARNING] - [SELF-HEALING] The current locator of test object 'Object Repository/Checkpointswithdatadriven/Page_Home  Sandbox 4.5/a_Log out' was broken. Propose an alternative one: '//a[contains(text(),'Log out')]'.

22-02-2025T22:26:44 - [MESSAGE][PASSED] - Object: 'Object Repository/Checkpointswithdatadriven/Page_Home  Sandbox 4.5/a_Log out' is clicked on

22-02-2025T22:26:44 - [TEST_STEP][PASSED] - closeBrowser(): Browser is closed

22-02-2025T22:26:45 - [MESSAGE][PASSED] - Browser is closed

22-02-2025T22:26:45 - [TEST_STEP][PASSED] - Start listener action : sampleAfterTestCase: null

22-02-2025T22:26:45 - [TEST_STEP][PASSED] - println(testCaseContext.getTestCaseId()): null

22-02-2025T22:26:45 - [TEST_STEP][PASSED] - println(testCaseContext.getTestCaseStatus()): null]]></system-out>
         <system-err><![CDATA[]]></system-err>
      </testcase>
      <testcase name="Test Cases/CheckpointswithDDT" time="50.529" classname="Test Cases/CheckpointswithDDT" status="PASSED">
         <properties>
            <property name="data_binding"><![CDATA[{"password":"sandbox24","expectedResult":"SS","username":"student"}]]></property>
         </properties>
         <system-out><![CDATA[22-02-2025T22:26:45 - [TEST_CASE][PASSED] - Test Cases/CheckpointswithDDT: Test Cases/CheckpointswithDDT

22-02-2025T22:26:45 - [TEST_STEP][PASSED] - Start listener action : sampleBeforeTestCase: null

22-02-2025T22:26:45 - [TEST_STEP][PASSED] - println(testCaseContext.getTestCaseId()): null

22-02-2025T22:26:45 - [TEST_STEP][PASSED] - println(testCaseContext.getTestCaseVariables()): null

22-02-2025T22:26:45 - [TEST_STEP][PASSED] - openBrowser(""): Browser is opened with url: ''

22-02-2025T22:26:45 - [MESSAGE][INFO] - Starting 'Chrome' driver

22-02-2025T22:26:45 - [MESSAGE][INFO] - Action delay is set to 0 milliseconds

22-02-2025T22:26:48 - [MESSAGE][PASSED] - Browser is opened with url: ''

22-02-2025T22:26:48 - [TEST_STEP][PASSED] - navigateToUrl("https://sandbox.moodledemo.net/"): Navigate to 'https://sandbox.moodledemo.net/' successfully

22-02-2025T22:26:53 - [MESSAGE][PASSED] - Navigate to 'https://sandbox.moodledemo.net/' successfully

22-02-2025T22:26:53 - [TEST_STEP][PASSED] - click(findTestObject("Object Repository/Checkpointswithdatadriven/Page_Home  Sandbox 4.5/a_Log in")): Object: 'Object Repository/Checkpointswithdatadriven/Page_Home  Sandbox 4.5/a_Log in' is clicked on

22-02-2025T22:26:55 - [MESSAGE][PASSED] - Object: 'Object Repository/Checkpointswithdatadriven/Page_Home  Sandbox 4.5/a_Log in' is clicked on

22-02-2025T22:26:55 - [TEST_STEP][PASSED] - setText(findTestObject("Object Repository/Checkpointswithdatadriven/Page_Log in to the site  Sandbox 4.5/input_Username_username"), username): Text 'student' is set on object 'Object Repository/Checkpointswithdatadriven/Page_Log in to the site  Sandbox 4.5/input_Username_username'

22-02-2025T22:26:57 - [MESSAGE][PASSED] - Text 'student' is set on object 'Object Repository/Checkpointswithdatadriven/Page_Log in to the site  Sandbox 4.5/input_Username_username'

22-02-2025T22:26:57 - [TEST_STEP][PASSED] - setText(findTestObject("Object Repository/Checkpointswithdatadriven/Page_Log in to the site  Sandbox 4.5/input_Password_password"), password): Text 'sandbox24' is set on object 'Object Repository/Checkpointswithdatadriven/Page_Log in to the site  Sandbox 4.5/input_Password_password'

22-02-2025T22:26:58 - [MESSAGE][PASSED] - Text 'sandbox24' is set on object 'Object Repository/Checkpointswithdatadriven/Page_Log in to the site  Sandbox 4.5/input_Password_password'

22-02-2025T22:26:58 - [TEST_STEP][PASSED] - click(findTestObject("Object Repository/Checkpointswithdatadriven/Page_Log in to the site  Sandbox 4.5/button_Log in")): Object: 'Object Repository/Checkpointswithdatadriven/Page_Log in to the site  Sandbox 4.5/button_Log in' is clicked on

22-02-2025T22:27:00 - [MESSAGE][PASSED] - Object: 'Object Repository/Checkpointswithdatadriven/Page_Log in to the site  Sandbox 4.5/button_Log in' is clicked on

22-02-2025T22:27:00 - [TEST_STEP][PASSED] - verifyElementText(findTestObject("Object Repository/Checkpointswithdatadriven/Page_Home  Sandbox 4.5/span_AU"), expectedResult): Actual text and expected text of test object 'Object Repository/Checkpointswithdatadriven/Page_Home  Sandbox 4.5/span_AU' are matched.

22-02-2025T22:27:02 - [MESSAGE][PASSED] - Actual text and expected text of test object 'Object Repository/Checkpointswithdatadriven/Page_Home  Sandbox 4.5/span_AU' are matched.

22-02-2025T22:27:02 - [TEST_STEP][PASSED] - click(findTestObject("Object Repository/Checkpointswithdatadriven/Page_Home  Sandbox 4.5/a_AU")): Object: 'Object Repository/Checkpointswithdatadriven/Page_Home  Sandbox 4.5/a_AU' is clicked on

22-02-2025T22:27:02 - [MESSAGE][PASSED] - Object: 'Object Repository/Checkpointswithdatadriven/Page_Home  Sandbox 4.5/a_AU' is clicked on

22-02-2025T22:27:02 - [TEST_STEP][PASSED] - click(findTestObject("Object Repository/Checkpointswithdatadriven/Page_Home  Sandbox 4.5/a_Log out")): Object: 'Object Repository/Checkpointswithdatadriven/Page_Home  Sandbox 4.5/a_Log out' is clicked on

22-02-2025T22:27:34 - [MESSAGE][INFO] - Unable to find the element located by 'By.xpath: //div[@id='carousel-item-main']/a[10]'. Please recheck the objects properties to make sure the desired element is located. 

22-02-2025T22:27:34 - [MESSAGE][WARNING] - [SELF-HEALING] Failed to find element with id 'Object Repository/Checkpointswithdatadriven/Page_Home  Sandbox 4.5/a_Log out'. Try using Self-healing.

22-02-2025T22:27:34 - [MESSAGE][WARNING] - [SELF-HEALING] The current locator of test object 'Object Repository/Checkpointswithdatadriven/Page_Home  Sandbox 4.5/a_Log out' was broken. Propose an alternative one: '//a[contains(text(),'Log out')]'.

22-02-2025T22:27:35 - [MESSAGE][PASSED] - Object: 'Object Repository/Checkpointswithdatadriven/Page_Home  Sandbox 4.5/a_Log out' is clicked on

22-02-2025T22:27:35 - [TEST_STEP][PASSED] - closeBrowser(): Browser is closed

22-02-2025T22:27:35 - [MESSAGE][PASSED] - Browser is closed

22-02-2025T22:27:35 - [TEST_STEP][PASSED] - Start listener action : sampleAfterTestCase: null

22-02-2025T22:27:35 - [TEST_STEP][PASSED] - println(testCaseContext.getTestCaseId()): null

22-02-2025T22:27:35 - [TEST_STEP][PASSED] - println(testCaseContext.getTestCaseStatus()): null]]></system-out>
         <system-err><![CDATA[]]></system-err>
      </testcase>
      <system-out><![CDATA[22-02-2025T22:24:55 - [TEST_SUITE][PASSED] - DDT with Moodle: Test Cases/CheckpointswithDDT]]></system-out>
      <system-err><![CDATA[]]></system-err>
   </testsuite>
</testsuites>
